wandb: [wandb.login()] Loaded credentials for https://api.wandb.ai from /home/users1/singhsk/.netrc.
wandb: Currently logged in as: asarthaks (servermonk) to https://api.wandb.ai. Use `wandb login --relogin` to force relogin
wandb: Tracking run with wandb version 0.27.2
wandb: Run data is saved locally in /mount/studenten-temp1/users/singhsk/thesis/thesis/controlled_text_generation-gradient_information/controlled_text_generation-gradient_information/wandb/run-20260707_134705-i1x89v2v
wandb: Run `wandb offline` to turn off syncing.
wandb: Syncing run gfn-lb0-500.dls.random.nomh.gn.free.s50
wandb: ⭐️ View project at https://wandb.ai/servermonk/ctg-langevin-thesis
wandb: 🚀 View run at https://wandb.ai/servermonk/ctg-langevin-thesis/runs/i1x89v2v
[gfn-lb0-500.dls.random.nomh.gn.free.s50] loading /mount/studenten-temp1/users/singhsk/thesis/thesis/gfn-lm-tuning/infill_subj_arithmetic/gpt2_large_sft_output (float32) ...
[gfn-lb0-500.dls.random.nomh.gn.free.s50]   + merging GFlowNet adapter /mount/studenten-temp1/users/singhsk/thesis/thesis/gfn-lm-tuning/infill_subj_arithmetic/outputs/2026-06-27/19-13-26/avid-leaf-24_490.pt
[gfn-lb0-500.dls.random.nomh.gn.free.s50] 282 candidate sentences
[gfn-lb0-500.dls.random.nomh.gn.free.s50] 25/200
[gfn-lb0-500.dls.random.nomh.gn.free.s50] 50/200
[gfn-lb0-500.dls.random.nomh.gn.free.s50] 75/200
[gfn-lb0-500.dls.random.nomh.gn.free.s50] 100/200
[gfn-lb0-500.dls.random.nomh.gn.free.s50] 125/200
[gfn-lb0-500.dls.random.nomh.gn.free.s50] 150/200
[gfn-lb0-500.dls.random.nomh.gn.free.s50] 175/200
[gfn-lb0-500.dls.random.nomh.gn.free.s50] 200/200
[gfn-lb0-500.dls.random.nomh.gn.free.s50] DONE  n=200  acc=0.00%  final_kl=8.854  final_l2=2.399  accept=nan%
[gfn-lb0-500.dls.random.nomh.gn.free.s50] wrote results_gfn/gfn-lb0-500.dls.random.nomh.gn.free.s50.json
[gfn-lb0-500.dls.random.nomh.gn.free.s50] wrote results_gfn/gfn-lb0-500.dls.random.nomh.gn.free.s50.csv
wandb: updating run metadata; uploading artifact run-i1x89v2v-examples
wandb: uploading artifact run-i1x89v2v-examples
wandb: uploading media/table/examples_50_665c7bb7115d0b9968b1.table.json
wandb: 
wandb: Run history:
wandb: entropy ███████████████████████████████████████▁
wandb:      kl ▆▆▆▃█▆▇▅▆▄▅▅▄▃▆▅▅▄▃▆▆▄▁▅▄▅█▆▆▇▄▄▂▅▃▅▄▅▂▅
wandb:      l2 ▆▇▅▆▆▆▆▆▆▇▇▆█▆▆▆▆▇▆▆▇▇▆▅▆▆▆▆█▇▆▆▇▆▆▅▅▅▆▁
wandb:    step ▁▁▁▂▂▂▂▂▂▃▃▃▃▃▃▄▄▄▄▄▅▅▅▅▅▅▆▆▆▆▆▆▇▇▇▇▇▇██
wandb: 
wandb: Run summary:
wandb:       accuracy 0
wandb:        entropy 10.25329
wandb:       final_kl 8.85395
wandb:       final_l2 2.39919
wandb:             kl 8.85395
wandb:             l2 2.39919
wandb: n_samples_used 200
wandb:           step 49
wandb: 
wandb: 🚀 View run gfn-lb0-500.dls.random.nomh.gn.free.s50 at: https://wandb.ai/servermonk/ctg-langevin-thesis/runs/i1x89v2v
wandb: ⭐️ View project at: https://wandb.ai/servermonk/ctg-langevin-thesis
wandb: Synced 5 W&B file(s), 1 media file(s), 2 artifact file(s) and 0 other file(s)
wandb: Find logs at: ./wandb/run-20260707_134705-i1x89v2v/logs
