wandb: [wandb.login()] Loaded credentials for https://api.wandb.ai from /home/users1/singhsk/.netrc.
wandb: Currently logged in as: asarthaks (servermonk) to https://api.wandb.ai. Use `wandb login --relogin` to force relogin
wandb: Tracking run with wandb version 0.27.2
wandb: Run data is saved locally in /mount/studenten-temp1/users/singhsk/thesis/thesis/controlled_text_generation-gradient_information/controlled_text_generation-gradient_information/wandb/run-20260707_134709-fpnuevcf
wandb: Run `wandb offline` to turn off syncing.
wandb: Syncing run gfn-lb0-500.dls.random.mh.gn.free.s100
wandb: ⭐️ View project at https://wandb.ai/servermonk/ctg-langevin-thesis
wandb: 🚀 View run at https://wandb.ai/servermonk/ctg-langevin-thesis/runs/fpnuevcf
[gfn-lb0-500.dls.random.mh.gn.free.s100] loading /mount/studenten-temp1/users/singhsk/thesis/thesis/gfn-lm-tuning/infill_subj_arithmetic/gpt2_large_sft_output (float32) ...
[gfn-lb0-500.dls.random.mh.gn.free.s100]   + merging GFlowNet adapter /mount/studenten-temp1/users/singhsk/thesis/thesis/gfn-lm-tuning/infill_subj_arithmetic/outputs/2026-06-27/19-13-26/avid-leaf-24_490.pt
[gfn-lb0-500.dls.random.mh.gn.free.s100] 282 candidate sentences
[gfn-lb0-500.dls.random.mh.gn.free.s100] 25/200
[gfn-lb0-500.dls.random.mh.gn.free.s100] 50/200
[gfn-lb0-500.dls.random.mh.gn.free.s100] 75/200
[gfn-lb0-500.dls.random.mh.gn.free.s100] 100/200
[gfn-lb0-500.dls.random.mh.gn.free.s100] 125/200
[gfn-lb0-500.dls.random.mh.gn.free.s100] 150/200
[gfn-lb0-500.dls.random.mh.gn.free.s100] 175/200
[gfn-lb0-500.dls.random.mh.gn.free.s100] 200/200
[gfn-lb0-500.dls.random.mh.gn.free.s100] DONE  n=200  acc=0.00%  final_kl=5.938  final_l2=2.337  accept=6.1%
[gfn-lb0-500.dls.random.mh.gn.free.s100] wrote results_gfn/gfn-lb0-500.dls.random.mh.gn.free.s100.json
[gfn-lb0-500.dls.random.mh.gn.free.s100] wrote results_gfn/gfn-lb0-500.dls.random.mh.gn.free.s100.csv
wandb: updating run metadata; uploading artifact run-fpnuevcf-examples
wandb: uploading artifact run-fpnuevcf-examples
wandb: uploading media/table/examples_100_572c83a860df3e22c782.table.json; uploading output.log; uploading wandb-summary.json; uploading config.yaml
wandb: uploading history steps 0-100, summary, console lines 10-13
wandb: 
wandb: Run history:
wandb: entropy ███████████████████████████████████████▁
wandb:      kl █▇▇▆▆▅▄▄▄▄▃▃▃▂▃▂▂▂▃▂▂▂▂▂▂▂▂▁▁▁▁▁▁▁▁▁▁▁▂▂
wandb:      l2 █▇▇▇▆▆▆▆▆▅▅▅▄▄▄▄▄▃▃▃▃▃▂▂▂▂▂▁▁▁▂▂▁▁▁▁▁▁▁▂
wandb:    step ▁▁▁▁▁▂▂▂▂▃▃▃▃▃▃▄▄▄▄▄▄▅▅▅▅▆▆▆▆▇▇▇▇▇▇█████
wandb: 
wandb: Run summary:
wandb:    accept_rate 6.1
wandb:       accuracy 0
wandb:        entropy 10.25522
wandb:       final_kl 5.93825
wandb:       final_l2 2.33739
wandb:             kl 5.93825
wandb:             l2 2.33739
wandb: n_samples_used 200
wandb:           step 99
wandb: 
wandb: 🚀 View run gfn-lb0-500.dls.random.mh.gn.free.s100 at: https://wandb.ai/servermonk/ctg-langevin-thesis/runs/fpnuevcf
wandb: ⭐️ View project at: https://wandb.ai/servermonk/ctg-langevin-thesis
wandb: Synced 5 W&B file(s), 1 media file(s), 2 artifact file(s) and 0 other file(s)
wandb: Find logs at: ./wandb/run-20260707_134709-fpnuevcf/logs
