wandb: [wandb.login()] Loaded credentials for https://api.wandb.ai from /home/users1/singhsk/.netrc.
wandb: Currently logged in as: asarthaks (servermonk) to https://api.wandb.ai. Use `wandb login --relogin` to force relogin
wandb: setting up run k49ebu9o
wandb: Tracking run with wandb version 0.27.2
wandb: Run data is saved locally in /mount/studenten-temp1/users/singhsk/thesis/thesis/controlled_text_generation-gradient_information/controlled_text_generation-gradient_information/wandb/run-20260707_142800-k49ebu9o
wandb: Run `wandb offline` to turn off syncing.
wandb: Syncing run gfn-lb1-500.dls.policy.nomh.gn.oracle.s50
wandb: 猸愶笍 View project at https://wandb.ai/servermonk/ctg-langevin-thesis
wandb: 馃殌 View run at https://wandb.ai/servermonk/ctg-langevin-thesis/runs/k49ebu9o
[gfn-lb1-500.dls.policy.nomh.gn.oracle.s50] loading /mount/studenten-temp1/users/singhsk/thesis/thesis/gfn-lm-tuning/infill_subj_arithmetic/gpt2_large_sft_output (float32) ...
[gfn-lb1-500.dls.policy.nomh.gn.oracle.s50]   + merging GFlowNet adapter /mount/studenten-temp1/users/singhsk/thesis/thesis/gfn-lm-tuning/infill_subj_arithmetic/outputs/2026-06-27/19-13-08/dutiful-durian-23_490.pt
[gfn-lb1-500.dls.policy.nomh.gn.oracle.s50] 282 candidate sentences
[gfn-lb1-500.dls.policy.nomh.gn.oracle.s50] 25/200
[gfn-lb1-500.dls.policy.nomh.gn.oracle.s50] 50/200
[gfn-lb1-500.dls.policy.nomh.gn.oracle.s50] 75/200
[gfn-lb1-500.dls.policy.nomh.gn.oracle.s50] 100/200
[gfn-lb1-500.dls.policy.nomh.gn.oracle.s50] 125/200
[gfn-lb1-500.dls.policy.nomh.gn.oracle.s50] 150/200
[gfn-lb1-500.dls.policy.nomh.gn.oracle.s50] 175/200
[gfn-lb1-500.dls.policy.nomh.gn.oracle.s50] 200/200
[gfn-lb1-500.dls.policy.nomh.gn.oracle.s50] DONE  n=200  acc=0.00%  final_kl=7.913  final_l2=2.563  accept=nan%
[gfn-lb1-500.dls.policy.nomh.gn.oracle.s50] wrote results_gfn/gfn-lb1-500.dls.policy.nomh.gn.oracle.s50.json
[gfn-lb1-500.dls.policy.nomh.gn.oracle.s50] wrote results_gfn/gfn-lb1-500.dls.policy.nomh.gn.oracle.s50.csv
wandb: updating run metadata; uploading artifact run-k49ebu9o-examples
wandb: uploading artifact run-k49ebu9o-examples
wandb: uploading media/table/examples_50_f76383372cdea07ee3f1.table.json; uploading output.log; uploading wandb-summary.json; uploading config.yaml
wandb: uploading history steps 0-50, summary, console lines 10-13
wandb: 
wandb: Run history:
wandb: entropy 鈻勨枂鈻嗏枀鈻団杹鈻嗏枅鈻冣枂鈻団枀鈻団枂鈻嗏枂鈻嗏枀鈻堚枀鈻嗏枀鈻呪枀鈻冣枃鈻嗏枂鈻勨枀鈻冣杻鈻嗏枀鈻嗏枀鈻勨枀鈻呪枀
wandb:      kl 鈻勨杺鈻呪杻鈻冣杽鈻嗏杽鈻嗏杻鈻傗杻鈻呪杽鈻冣枂鈻勨枀鈻冣枀鈻団杻鈻冣杹鈻冣枀鈻冣杻鈻冣枅鈻佲杽鈻勨杻鈻勨杻鈻傗枀鈻勨枂
wandb:      l2 鈻傗杽鈻呪枀鈻嗏杹鈻勨杽鈻勨杽鈻呪杽鈻呪杻鈻冣杽鈻勨枀鈻勨枂鈻呪杽鈻勨杻鈻堚杽鈻呪杻鈻呪枂鈻冣杺鈻勨杻鈻呪杻鈻勨枀鈻呪枀
wandb:    step 鈻佲杹鈻佲杹鈻傗杺鈻傗杺鈻傗杺鈻冣杻鈻冣杻鈻冣杽鈻勨杽鈻勨杽鈻勨枀鈻呪枀鈻呪枀鈻呪枂鈻嗏枂鈻嗏枂鈻団枃鈻団枃鈻団枅鈻堚枅
wandb: 
wandb: Run summary:
wandb:       accuracy 0
wandb:        entropy 10.82467
wandb:       final_kl 7.91338
wandb:       final_l2 2.56267
wandb:             kl 7.91338
wandb:             l2 2.56267
wandb: n_samples_used 200
wandb:           step 49
wandb: 
wandb: 馃殌 View run gfn-lb1-500.dls.policy.nomh.gn.oracle.s50 at: https://wandb.ai/servermonk/ctg-langevin-thesis/runs/k49ebu9o
wandb: 猸愶笍 View project at: https://wandb.ai/servermonk/ctg-langevin-thesis
wandb: Synced 5 W&B file(s), 1 media file(s), 2 artifact file(s) and 0 other file(s)
wandb: Find logs at: ./wandb/run-20260707_142800-k49ebu9o/logs
