wandb: [wandb.login()] Loaded credentials for https://api.wandb.ai from /home/users1/singhsk/.netrc.
wandb: Currently logged in as: asarthaks (servermonk) to https://api.wandb.ai. Use `wandb login --relogin` to force relogin
wandb: setting up run svjmnljt
wandb: Tracking run with wandb version 0.27.2
wandb: Run data is saved locally in /mount/studenten-temp1/users/singhsk/thesis/thesis/controlled_text_generation-gradient_information/controlled_text_generation-gradient_information/wandb/run-20260707_144208-svjmnljt
wandb: Run `wandb offline` to turn off syncing.
wandb: Syncing run gfn-lb1-500.cls.policy.mh.gn.free.s50
wandb: ⭐️ View project at https://wandb.ai/servermonk/ctg-langevin-thesis
wandb: 🚀 View run at https://wandb.ai/servermonk/ctg-langevin-thesis/runs/svjmnljt
[gfn-lb1-500.cls.policy.mh.gn.free.s50] loading /mount/studenten-temp1/users/singhsk/thesis/thesis/gfn-lm-tuning/infill_subj_arithmetic/gpt2_large_sft_output (float32) ...
[gfn-lb1-500.cls.policy.mh.gn.free.s50]   + merging GFlowNet adapter /mount/studenten-temp1/users/singhsk/thesis/thesis/gfn-lm-tuning/infill_subj_arithmetic/outputs/2026-06-27/19-13-08/dutiful-durian-23_490.pt
[gfn-lb1-500.cls.policy.mh.gn.free.s50] 282 candidate sentences
[gfn-lb1-500.cls.policy.mh.gn.free.s50] 25/200
[gfn-lb1-500.cls.policy.mh.gn.free.s50] 50/200
[gfn-lb1-500.cls.policy.mh.gn.free.s50] 75/200
[gfn-lb1-500.cls.policy.mh.gn.free.s50] 100/200
[gfn-lb1-500.cls.policy.mh.gn.free.s50] 125/200
[gfn-lb1-500.cls.policy.mh.gn.free.s50] 150/200
[gfn-lb1-500.cls.policy.mh.gn.free.s50] 175/200
[gfn-lb1-500.cls.policy.mh.gn.free.s50] 200/200
[gfn-lb1-500.cls.policy.mh.gn.free.s50] DONE  n=200  acc=0.00%  final_kl=8.397  final_l2=2.562  accept=4.5%
[gfn-lb1-500.cls.policy.mh.gn.free.s50] wrote results_gfn/gfn-lb1-500.cls.policy.mh.gn.free.s50.json
[gfn-lb1-500.cls.policy.mh.gn.free.s50] wrote results_gfn/gfn-lb1-500.cls.policy.mh.gn.free.s50.csv
wandb: updating run metadata; uploading artifact run-svjmnljt-examples
wandb: uploading artifact run-svjmnljt-examples
wandb: uploading artifact run-svjmnljt-examples; uploading history steps 0-50, summary, console lines 10-13
wandb: uploading artifact run-svjmnljt-examples
wandb: uploading media/table/examples_50_5efb33d3c2ae8324c46d.table.json; uploading wandb-summary.json; uploading config.yaml
wandb: 
wandb: Run history:
wandb: entropy ▁▁▁▁▁▁▁▁▁▁▁▁▁▁▁▁▁▁▁▁▁▁▁▁▁▁▁▁▁▁▁▁▁▁▁▁▁▁▁▁
wandb:      kl ▁█▂▂▂▂▅▅▅▅▅▅▅▅▅▅▅▅▅▅▅▅▅▅▅▅▅▅▅▅▅▅▅▅▅▅▅▅▅▅
wandb:      l2 ▁▂▂▄▅▅▆█████████████████████████████████
wandb:    step ▁▁▁▁▂▂▂▂▂▂▃▃▃▃▃▄▄▄▄▄▅▅▅▅▅▅▆▆▆▆▆▆▇▇▇▇▇▇██
wandb: 
wandb: Run summary:
wandb:    accept_rate 4.47
wandb:       accuracy 0
wandb:        entropy 0
wandb:       final_kl 8.39708
wandb:       final_l2 2.56238
wandb:             kl 8.39708
wandb:             l2 2.56238
wandb: n_samples_used 200
wandb:           step 49
wandb: 
wandb: 🚀 View run gfn-lb1-500.cls.policy.mh.gn.free.s50 at: https://wandb.ai/servermonk/ctg-langevin-thesis/runs/svjmnljt
wandb: ⭐️ View project at: https://wandb.ai/servermonk/ctg-langevin-thesis
wandb: Synced 5 W&B file(s), 1 media file(s), 2 artifact file(s) and 0 other file(s)
wandb: Find logs at: ./wandb/run-20260707_144208-svjmnljt/logs
