wandb: [wandb.login()] Loaded credentials for https://api.wandb.ai from /home/users1/singhsk/.netrc.
wandb: Currently logged in as: asarthaks (servermonk) to https://api.wandb.ai. Use `wandb login --relogin` to force relogin
wandb: setting up run lrnylk5b
wandb: Tracking run with wandb version 0.27.2
wandb: Run data is saved locally in /mount/studenten-temp1/users/singhsk/thesis/thesis/controlled_text_generation-gradient_information/controlled_text_generation-gradient_information/wandb/run-20260707_134657-lrnylk5b
wandb: Run `wandb offline` to turn off syncing.
wandb: Syncing run gfn-lb0-2000.dls.policy.nomh.gn.oracle.s50
wandb: 猸愶笍 View project at https://wandb.ai/servermonk/ctg-langevin-thesis
wandb: 馃殌 View run at https://wandb.ai/servermonk/ctg-langevin-thesis/runs/lrnylk5b
[gfn-lb0-2000.dls.policy.nomh.gn.oracle.s50] loading /mount/studenten-temp1/users/singhsk/thesis/thesis/gfn-lm-tuning/infill_subj_arithmetic/gpt2_large_sft_output (float32) ...
[gfn-lb0-2000.dls.policy.nomh.gn.oracle.s50]   + merging GFlowNet adapter /mount/studenten-temp1/users/singhsk/thesis/thesis/gfn-lm-tuning/infill_subj_arithmetic/outputs/2026-06-22/13-24-52/daily-resonance-15_1990.pt
[gfn-lb0-2000.dls.policy.nomh.gn.oracle.s50] 282 candidate sentences
[gfn-lb0-2000.dls.policy.nomh.gn.oracle.s50] 25/200
[gfn-lb0-2000.dls.policy.nomh.gn.oracle.s50] 50/200
[gfn-lb0-2000.dls.policy.nomh.gn.oracle.s50] 75/200
[gfn-lb0-2000.dls.policy.nomh.gn.oracle.s50] 100/200
[gfn-lb0-2000.dls.policy.nomh.gn.oracle.s50] 125/200
[gfn-lb0-2000.dls.policy.nomh.gn.oracle.s50] 150/200
[gfn-lb0-2000.dls.policy.nomh.gn.oracle.s50] 175/200
[gfn-lb0-2000.dls.policy.nomh.gn.oracle.s50] 200/200
[gfn-lb0-2000.dls.policy.nomh.gn.oracle.s50] DONE  n=200  acc=0.00%  final_kl=10.072  final_l2=2.562  accept=nan%
[gfn-lb0-2000.dls.policy.nomh.gn.oracle.s50] wrote results_gfn/gfn-lb0-2000.dls.policy.nomh.gn.oracle.s50.json
[gfn-lb0-2000.dls.policy.nomh.gn.oracle.s50] wrote results_gfn/gfn-lb0-2000.dls.policy.nomh.gn.oracle.s50.csv
wandb: updating run metadata; uploading artifact run-lrnylk5b-examples
wandb: uploading artifact run-lrnylk5b-examples
wandb: uploading artifact run-lrnylk5b-examples; uploading history steps 0-50, summary, console lines 10-13
wandb: uploading artifact run-lrnylk5b-examples
wandb: uploading artifact run-lrnylk5b-examples; uploading media/table/examples_50_f76383372cdea07ee3f1.table.json; uploading output.log; uploading wandb-summary.json; uploading config.yaml
wandb: uploading artifact run-lrnylk5b-examples; uploading media/table/examples_50_f76383372cdea07ee3f1.table.json; uploading output.log; uploading config.yaml
wandb: uploading artifact run-lrnylk5b-examples
wandb: 
wandb: Run history:
wandb: entropy 鈻傗杻鈻呪杺鈻冣杺鈻佲杽鈻嗏杺鈻冣枂鈻勨杽鈻呪杽鈻勨杽鈻勨枀鈻勨杽鈻勨杺鈻堚杽鈻呪杺鈻呪枀鈻冣杺鈻勨杽鈻呪杺鈻冣杻鈻呪杻
wandb:      kl 鈻佲枀鈻嗏枂鈻勨枀鈻団杻鈻勨枅鈻勨杻鈻嗏枃鈻団枀鈻傗枃鈻勨杺鈻嗏枀鈻冣杻鈻嗏杽鈻冣枅鈻嗏杻鈻勨枀鈻傗枂鈻団杻鈻冣杻鈻嗏枂
wandb:      l2 鈻冣枂鈻嗏枃鈻団杹鈻呪枀鈻呪杽鈻団杽鈻団枀鈻勨枀鈻呪枃鈻呪枅鈻団枀鈻呪杽鈻嗏枂鈻勨枃鈻堚枂鈻冣枀鈻勨枃鈻嗏杽鈻嗏枃鈻団枃
wandb:    step 鈻佲杹鈻佲杹鈻傗杺鈻傗杺鈻傗杺鈻冣杻鈻冣杻鈻冣杽鈻勨杽鈻勨杽鈻呪枀鈻呪枀鈻呪枀鈻嗏枂鈻嗏枂鈻嗏枂鈻団枃鈻団枃鈻団枅鈻堚枅
wandb: 
wandb: Run summary:
wandb:       accuracy 0
wandb:        entropy 10.82465
wandb:       final_kl 10.0722
wandb:       final_l2 2.5622
wandb:             kl 10.0722
wandb:             l2 2.5622
wandb: n_samples_used 200
wandb:           step 49
wandb: 
wandb: 馃殌 View run gfn-lb0-2000.dls.policy.nomh.gn.oracle.s50 at: https://wandb.ai/servermonk/ctg-langevin-thesis/runs/lrnylk5b
wandb: 猸愶笍 View project at: https://wandb.ai/servermonk/ctg-langevin-thesis
wandb: Synced 5 W&B file(s), 1 media file(s), 2 artifact file(s) and 0 other file(s)
wandb: Find logs at: ./wandb/run-20260707_134657-lrnylk5b/logs
