wandb: [wandb.login()] Loaded credentials for https://api.wandb.ai from /home/users1/singhsk/.netrc.
wandb: W&B API key is configured. Use `wandb login --relogin` to force relogin
wandb: Tracking run with wandb version 0.27.2
wandb: Run data is saved locally in /mount/studenten-temp1/users/singhsk/thesis/thesis/controlled_text_generation-gradient_information/controlled_text_generation-gradient_information/wandb/run-20260712_175030-a3mka8jw
wandb: Run `wandb offline` to turn off syncing.
wandb: Syncing run gfn-lb0-500.dls.policy.mh.nogn.free.s50
wandb: ⭐️ View project at https://wandb.ai/servermonk/ctg-langevin-thesis
wandb: 🚀 View run at https://wandb.ai/servermonk/ctg-langevin-thesis/runs/a3mka8jw
[gfn-lb0-500.dls.policy.mh.nogn.free.s50] loading /mount/studenten-temp1/users/singhsk/thesis/thesis/gfn-lm-tuning/infill_subj_arithmetic/gpt2_large_sft_output (float32) ...
[gfn-lb0-500.dls.policy.mh.nogn.free.s50]   + merging GFlowNet adapter /mount/studenten-temp1/users/singhsk/thesis/thesis/gfn-lm-tuning/infill_subj_arithmetic/outputs/2026-06-27/19-13-26/avid-leaf-24_490.pt
[gfn-lb0-500.dls.policy.mh.nogn.free.s50] 282 candidate sentences
[gfn-lb0-500.dls.policy.mh.nogn.free.s50] 25/200
[gfn-lb0-500.dls.policy.mh.nogn.free.s50] 50/200
[gfn-lb0-500.dls.policy.mh.nogn.free.s50] 75/200
[gfn-lb0-500.dls.policy.mh.nogn.free.s50] 100/200
[gfn-lb0-500.dls.policy.mh.nogn.free.s50] 125/200
[gfn-lb0-500.dls.policy.mh.nogn.free.s50] 150/200
[gfn-lb0-500.dls.policy.mh.nogn.free.s50] 175/200
[gfn-lb0-500.dls.policy.mh.nogn.free.s50] 200/200
[gfn-lb0-500.dls.policy.mh.nogn.free.s50] DONE  n=200  acc=0.00%  final_kl=6.009  final_l2=2.391  accept=9.5%
[gfn-lb0-500.dls.policy.mh.nogn.free.s50] wrote results_gfn/gfn-lb0-500.dls.policy.mh.nogn.free.s50.json
[gfn-lb0-500.dls.policy.mh.nogn.free.s50] wrote results_gfn/gfn-lb0-500.dls.policy.mh.nogn.free.s50.csv
wandb: updating run metadata; uploading artifact run-a3mka8jw-examples
wandb: updating run metadata
wandb: updating run metadata; uploading media/table/examples_50_98cc0018bdf0a7cd90b5.table.json; uploading output.log; uploading wandb-summary.json
wandb: updating run metadata
wandb: updating run metadata; uploading history steps 0-50, summary, console lines 10-13
wandb: uploading config.yaml
wandb: 
wandb: Run history:
wandb: entropy ███████████████████████████████████████▁
wandb:      kl ██▆▅▅▄▄▄▄▄▄▄▃▃▃▃▄▃▃▃▃▃▂▂▂▂▁▂▁▁▂▁▁▁▁▁▁▁▁▁
wandb:      l2 █▆▆▆▅▄▄▄▃▄▃▃▃▃▃▂▃▃▂▂▂▂▂▃▂▂▂▂▂▂▂▂▂▂▂▂▂▂▁▁
wandb:    step ▁▁▁▁▂▂▂▂▂▂▃▃▃▃▃▄▄▄▄▄▅▅▅▅▅▅▆▆▆▆▆▆▇▇▇▇▇▇██
wandb: 
wandb: Run summary:
wandb:    accept_rate 9.45
wandb:       accuracy 0
wandb:        entropy 10.2354
wandb:       final_kl 6.0091
wandb:       final_l2 2.39121
wandb:             kl 6.0091
wandb:             l2 2.39121
wandb: n_samples_used 200
wandb:           step 49
wandb: 
wandb: 🚀 View run gfn-lb0-500.dls.policy.mh.nogn.free.s50 at: https://wandb.ai/servermonk/ctg-langevin-thesis/runs/a3mka8jw
wandb: ⭐️ View project at: https://wandb.ai/servermonk/ctg-langevin-thesis
wandb: Synced 5 W&B file(s), 1 media file(s), 2 artifact file(s) and 0 other file(s)
wandb: Find logs at: ./wandb/run-20260712_175030-a3mka8jw/logs
