wandb: [wandb.login()] Loaded credentials for https://api.wandb.ai from /home/users1/singhsk/.netrc.
wandb: Currently logged in as: asarthaks (servermonk) to https://api.wandb.ai. Use `wandb login --relogin` to force relogin
wandb: setting up run 5p41arpu
wandb: Tracking run with wandb version 0.27.2
wandb: Run data is saved locally in /mount/studenten-temp1/users/singhsk/thesis/thesis/controlled_text_generation-gradient_information/controlled_text_generation-gradient_information/wandb/run-20260707_134705-5p41arpu
wandb: Run `wandb offline` to turn off syncing.
wandb: Syncing run gfn-lb0-2000.dls.grad_norm_preserved_random_dir.mh.gn.free.s100
wandb: ⭐️ View project at https://wandb.ai/servermonk/ctg-langevin-thesis
wandb: 🚀 View run at https://wandb.ai/servermonk/ctg-langevin-thesis/runs/5p41arpu
[gfn-lb0-2000.dls.grad_norm_preserved_random_dir.mh.gn.free.s100] loading /mount/studenten-temp1/users/singhsk/thesis/thesis/gfn-lm-tuning/infill_subj_arithmetic/gpt2_large_sft_output (float32) ...
[gfn-lb0-2000.dls.grad_norm_preserved_random_dir.mh.gn.free.s100]   + merging GFlowNet adapter /mount/studenten-temp1/users/singhsk/thesis/thesis/gfn-lm-tuning/infill_subj_arithmetic/outputs/2026-06-22/13-24-52/daily-resonance-15_1990.pt
[gfn-lb0-2000.dls.grad_norm_preserved_random_dir.mh.gn.free.s100] 282 candidate sentences
[gfn-lb0-2000.dls.grad_norm_preserved_random_dir.mh.gn.free.s100] 25/200
[gfn-lb0-2000.dls.grad_norm_preserved_random_dir.mh.gn.free.s100] 50/200
[gfn-lb0-2000.dls.grad_norm_preserved_random_dir.mh.gn.free.s100] 75/200
[gfn-lb0-2000.dls.grad_norm_preserved_random_dir.mh.gn.free.s100] 100/200
[gfn-lb0-2000.dls.grad_norm_preserved_random_dir.mh.gn.free.s100] 125/200
[gfn-lb0-2000.dls.grad_norm_preserved_random_dir.mh.gn.free.s100] 150/200
[gfn-lb0-2000.dls.grad_norm_preserved_random_dir.mh.gn.free.s100] 175/200
[gfn-lb0-2000.dls.grad_norm_preserved_random_dir.mh.gn.free.s100] 200/200
[gfn-lb0-2000.dls.grad_norm_preserved_random_dir.mh.gn.free.s100] DONE  n=200  acc=0.00%  final_kl=6.241  final_l2=2.347  accept=6.2%
[gfn-lb0-2000.dls.grad_norm_preserved_random_dir.mh.gn.free.s100] wrote results_gfn/gfn-lb0-2000.dls.grad_norm_preserved_random_dir.mh.gn.free.s100.json
[gfn-lb0-2000.dls.grad_norm_preserved_random_dir.mh.gn.free.s100] wrote results_gfn/gfn-lb0-2000.dls.grad_norm_preserved_random_dir.mh.gn.free.s100.csv
wandb: updating run metadata; uploading artifact run-5p41arpu-examples
wandb: uploading artifact run-5p41arpu-examples
wandb: uploading history steps 0-100, summary, console lines 10-13
wandb: 
wandb: Run history:
wandb: entropy ███████████████████████████████████████▁
wandb:      kl █▇██▇▆▅▅▅▅▅▅▅▅▄▄▄▃▃▃▃▂▂▁▁▁▁▁▂▁▁▁▁▁▂▁▁▁▁▁
wandb:      l2 ██▇▇▆▆▆▆▆▅▅▅▄▄▄▄▄▄▃▃▄▃▃▃▂▂▂▂▂▁▁▁▁▁▁▁▁▁▁▂
wandb:    step ▁▁▁▂▂▂▂▃▃▃▃▃▃▃▃▄▄▄▄▄▄▄▄▅▅▅▅▅▅▅▆▆▇▇▇▇████
wandb: 
wandb: Run summary:
wandb:    accept_rate 6.16
wandb:       accuracy 0
wandb:        entropy 10.25245
wandb:       final_kl 6.24061
wandb:       final_l2 2.34711
wandb:             kl 6.24061
wandb:             l2 2.34711
wandb: n_samples_used 200
wandb:           step 99
wandb: 
wandb: 🚀 View run gfn-lb0-2000.dls.grad_norm_preserved_random_dir.mh.gn.free.s100 at: https://wandb.ai/servermonk/ctg-langevin-thesis/runs/5p41arpu
wandb: ⭐️ View project at: https://wandb.ai/servermonk/ctg-langevin-thesis
wandb: Synced 5 W&B file(s), 1 media file(s), 2 artifact file(s) and 0 other file(s)
wandb: Find logs at: ./wandb/run-20260707_134705-5p41arpu/logs
