wandb: [wandb.login()] Loaded credentials for https://api.wandb.ai from /home/users1/singhsk/.netrc.
wandb: Currently logged in as: asarthaks (servermonk) to https://api.wandb.ai. Use `wandb login --relogin` to force relogin
wandb: setting up run orii2lop
wandb: Tracking run with wandb version 0.27.2
wandb: Run data is saved locally in /mount/studenten-temp1/users/singhsk/thesis/thesis/controlled_text_generation-gradient_information/controlled_text_generation-gradient_information/wandb/run-20260707_134705-orii2lop
wandb: Run `wandb offline` to turn off syncing.
wandb: Syncing run gfn-lb0-500.dls.policy.nomh.gn.oracle.s50
wandb: 猸愶笍 View project at https://wandb.ai/servermonk/ctg-langevin-thesis
wandb: 馃殌 View run at https://wandb.ai/servermonk/ctg-langevin-thesis/runs/orii2lop
[gfn-lb0-500.dls.policy.nomh.gn.oracle.s50] loading /mount/studenten-temp1/users/singhsk/thesis/thesis/gfn-lm-tuning/infill_subj_arithmetic/gpt2_large_sft_output (float32) ...
[gfn-lb0-500.dls.policy.nomh.gn.oracle.s50]   + merging GFlowNet adapter /mount/studenten-temp1/users/singhsk/thesis/thesis/gfn-lm-tuning/infill_subj_arithmetic/outputs/2026-06-27/19-13-26/avid-leaf-24_490.pt
[gfn-lb0-500.dls.policy.nomh.gn.oracle.s50] 282 candidate sentences
[gfn-lb0-500.dls.policy.nomh.gn.oracle.s50] 25/200
[gfn-lb0-500.dls.policy.nomh.gn.oracle.s50] 50/200
[gfn-lb0-500.dls.policy.nomh.gn.oracle.s50] 75/200
[gfn-lb0-500.dls.policy.nomh.gn.oracle.s50] 100/200
[gfn-lb0-500.dls.policy.nomh.gn.oracle.s50] 125/200
[gfn-lb0-500.dls.policy.nomh.gn.oracle.s50] 150/200
[gfn-lb0-500.dls.policy.nomh.gn.oracle.s50] 175/200
[gfn-lb0-500.dls.policy.nomh.gn.oracle.s50] 200/200
[gfn-lb0-500.dls.policy.nomh.gn.oracle.s50] DONE  n=200  acc=0.00%  final_kl=9.086  final_l2=2.562  accept=nan%
[gfn-lb0-500.dls.policy.nomh.gn.oracle.s50] wrote results_gfn/gfn-lb0-500.dls.policy.nomh.gn.oracle.s50.json
[gfn-lb0-500.dls.policy.nomh.gn.oracle.s50] wrote results_gfn/gfn-lb0-500.dls.policy.nomh.gn.oracle.s50.csv
wandb: updating run metadata; uploading artifact run-orii2lop-examples
wandb: uploading artifact run-orii2lop-examples
wandb: uploading config.yaml; uploading media/table/examples_50_f76383372cdea07ee3f1.table.json; uploading output.log; uploading wandb-summary.json
wandb: uploading history steps 0-50, summary, console lines 10-13
wandb: 
wandb: Run history:
wandb: entropy 鈻傗杻鈻勨杺鈻勨杻鈻佲杻鈻呪杺鈻冣枂鈻冣杻鈻勨枀鈻勨杽鈻勨杽鈻勨杽鈻勨杻鈻冣枅鈻勨杽鈻勨杻鈻呪枀鈻傗杺鈻勨杽鈻傗杻鈻勨杻
wandb:      kl 鈻傗枀鈻嗏枀鈻嗏杽鈻呪枂鈻傗枀鈻佲杻鈻冣枀鈻堚杽鈻勨杻鈻嗏枀鈻呪枀鈻勨杺鈻勨杽鈻傗枃鈻呪杻鈻勨杽鈻冣枀鈻嗏杽鈻冣杽鈻嗏枀
wandb:      l2 鈻傗杽鈻呪枀鈻呪杹鈻冣杽鈻冣枀鈻冣枀鈻勨杻鈻冣杽鈻勨枀鈻勨枂鈻勨杽鈻冣枅鈻呪杽鈻冣枀鈻嗏杽鈻傗杽鈻冣枂鈻勨杻鈻勨枀鈻呪枀
wandb:    step 鈻佲杹鈻佲杹鈻傗杺鈻傗杺鈻傗杺鈻冣杻鈻冣杻鈻冣杽鈻勨杽鈻勨杽鈻呪枀鈻呪枀鈻呪枀鈻嗏枂鈻嗏枂鈻嗏枂鈻団枃鈻団枃鈻団枃鈻堚枅
wandb: 
wandb: Run summary:
wandb:       accuracy 0
wandb:        entropy 10.82465
wandb:       final_kl 9.08574
wandb:       final_l2 2.5622
wandb:             kl 9.08574
wandb:             l2 2.5622
wandb: n_samples_used 200
wandb:           step 49
wandb: 
wandb: 馃殌 View run gfn-lb0-500.dls.policy.nomh.gn.oracle.s50 at: https://wandb.ai/servermonk/ctg-langevin-thesis/runs/orii2lop
wandb: 猸愶笍 View project at: https://wandb.ai/servermonk/ctg-langevin-thesis
wandb: Synced 5 W&B file(s), 1 media file(s), 2 artifact file(s) and 0 other file(s)
wandb: Find logs at: ./wandb/run-20260707_134705-orii2lop/logs
