wandb: [wandb.login()] Loaded credentials for https://api.wandb.ai from /home/users1/singhsk/.netrc.
wandb: Currently logged in as: asarthaks (servermonk) to https://api.wandb.ai. Use `wandb login --relogin` to force relogin
wandb: Tracking run with wandb version 0.27.2
wandb: Run data is saved locally in /mount/studenten-temp1/users/singhsk/thesis/thesis/controlled_text_generation-gradient_information/controlled_text_generation-gradient_information/wandb/run-20260707_134704-88y608m8
wandb: Run `wandb offline` to turn off syncing.
wandb: Syncing run gfn-lb0-500.dls.random.nomh.gn.oracle.s50
wandb: 猸愶笍 View project at https://wandb.ai/servermonk/ctg-langevin-thesis
wandb: 馃殌 View run at https://wandb.ai/servermonk/ctg-langevin-thesis/runs/88y608m8
[gfn-lb0-500.dls.random.nomh.gn.oracle.s50] loading /mount/studenten-temp1/users/singhsk/thesis/thesis/gfn-lm-tuning/infill_subj_arithmetic/gpt2_large_sft_output (float32) ...
[gfn-lb0-500.dls.random.nomh.gn.oracle.s50]   + merging GFlowNet adapter /mount/studenten-temp1/users/singhsk/thesis/thesis/gfn-lm-tuning/infill_subj_arithmetic/outputs/2026-06-27/19-13-26/avid-leaf-24_490.pt
[gfn-lb0-500.dls.random.nomh.gn.oracle.s50] 282 candidate sentences
[gfn-lb0-500.dls.random.nomh.gn.oracle.s50] 25/200
[gfn-lb0-500.dls.random.nomh.gn.oracle.s50] 50/200
[gfn-lb0-500.dls.random.nomh.gn.oracle.s50] 75/200
[gfn-lb0-500.dls.random.nomh.gn.oracle.s50] 100/200
[gfn-lb0-500.dls.random.nomh.gn.oracle.s50] 125/200
[gfn-lb0-500.dls.random.nomh.gn.oracle.s50] 150/200
[gfn-lb0-500.dls.random.nomh.gn.oracle.s50] 175/200
[gfn-lb0-500.dls.random.nomh.gn.oracle.s50] 200/200
[gfn-lb0-500.dls.random.nomh.gn.oracle.s50] DONE  n=200  acc=0.00%  final_kl=8.770  final_l2=2.546  accept=nan%
[gfn-lb0-500.dls.random.nomh.gn.oracle.s50] wrote results_gfn/gfn-lb0-500.dls.random.nomh.gn.oracle.s50.json
[gfn-lb0-500.dls.random.nomh.gn.oracle.s50] wrote results_gfn/gfn-lb0-500.dls.random.nomh.gn.oracle.s50.csv
wandb: updating run metadata; uploading artifact run-88y608m8-examples
wandb: uploading artifact run-88y608m8-examples; uploading history steps 0-50, summary, console lines 10-13
wandb: uploading artifact run-88y608m8-examples
wandb: uploading media/table/examples_50_be94cbdb010401e6da19.table.json; uploading output.log; uploading wandb-summary.json; uploading config.yaml
wandb: uploading data
wandb: 
wandb: Run history:
wandb: entropy 鈻冣枀鈻呪杺鈻勨杻鈻冣杻鈻呪枀鈻冣杻鈻堚杽鈻冣枀鈻呪杻鈻勨杽鈻呪杻鈻冣杽鈻呪杽鈻冣枀鈻呪杹鈻勨枂鈻冣枀鈻冣枂鈻傗杺鈻傗枂
wandb:      kl 鈻嗏枂鈻嗏枂鈻冣杻鈻嗏枃鈻呪枃鈻勨杽鈻勨杻鈻嗏枀鈻勨杻鈻団枂鈻嗏杽鈻佲枀鈻勨枀鈻堚枂鈻呪枃鈻呪杽鈻傗枂鈻冣枀鈻勨枀鈻冣杽
wandb:      l2 鈻勨杺鈻冣杻鈻勨杽鈻冣杽鈻呪枂鈻冣枅鈻勨杻鈻嗏杽鈻呪杻鈻勨枀鈻呪杻鈻傗杻鈻勨杻鈻傗枃鈻呪杻鈻嗏枀鈻勨杽鈻傗杺鈻佲杺鈻冣杻
wandb:    step 鈻佲杹鈻佲杹鈻傗杺鈻傗杺鈻傗杺鈻冣杻鈻冣杻鈻冣杽鈻勨杽鈻勨杽鈻呪枀鈻呪枀鈻呪枂鈻嗏枂鈻嗏枂鈻嗏枃鈻団枃鈻団枃鈻団枅鈻堚枅
wandb: 
wandb: Run summary:
wandb:       accuracy 0
wandb:        entropy 10.82469
wandb:       final_kl 8.7704
wandb:       final_l2 2.54598
wandb:             kl 8.7704
wandb:             l2 2.54598
wandb: n_samples_used 200
wandb:           step 49
wandb: 
wandb: 馃殌 View run gfn-lb0-500.dls.random.nomh.gn.oracle.s50 at: https://wandb.ai/servermonk/ctg-langevin-thesis/runs/88y608m8
wandb: 猸愶笍 View project at: https://wandb.ai/servermonk/ctg-langevin-thesis
wandb: Synced 5 W&B file(s), 1 media file(s), 2 artifact file(s) and 0 other file(s)
wandb: Find logs at: ./wandb/run-20260707_134704-88y608m8/logs
