[sedd_lin] 10/20  0.0m
[sedd_lin] 20/20  0.0m
[done] results_revision/rev_sedd_dryrun.json
{
  "experiment": "sedd_linearization",
  "dry_run": true,
  "sigma": 0.1,
  "n_sequences": 20,
  "n_pairs": 23300,
  "spearman_surrogate_vs_true_ALL": 0.009976239165560553,
  "pearson_surrogate_vs_true_ALL": 0.007284894694337427,
  "note": "Compare spearman_surrogate_vs_true_ALL against the AR linearization number (~ -0.01). Substantially positive here confirms the training-objective diagnosis.",
  "spearman_near": 0.012129794311552668,
  "mean_dist_near": 7.867862679290772,
  "spearman_mid": 0.0027810540063206942,
  "mean_dist_mid": 7.304368212643792,
  "spearman_random": 0.010111295304989755,
  "mean_dist_random": 7.896417152136564,
  "run_name": "rev_sedd_dryrun",
  "wall_time_sec": 3.014866828918457
}
