[model_divergence] model loaded in 1.8s
[model_divergence] loading tuned variant /mount/studenten-temp1/users/singhsk/thesis/thesis/gfn-lm-tuning/infill_subj_arithmetic/outputs/2026-06-27/19-13-26/avid-leaf-24_490.pt
[model_divergence] 100/215
[model_divergence] 200/215
[done] results_revision/rev_divergence_gfn-lb0-500.json (0.5 min)
{
  "experiment": "model_divergence",
  "adapter_path": "/mount/studenten-temp1/users/singhsk/thesis/thesis/gfn-lm-tuning/infill_subj_arithmetic/outputs/2026-06-27/19-13-26/avid-leaf-24_490.pt",
  "n_sequences": 215,
  "mean_abs_loglik_diff": 30.97640416344931,
  "mean_signed_loglik_diff": -30.827841328465663,
  "median_abs_loglik_diff": 28.462539672851577,
  "pearson_base_tuned_loglik": 0.9831057249284231,
  "spearman_base_tuned_loglik": 0.9835373952522399,
  "mean_nexttok_kl_base_vs_tuned": 1.0228303629298543,
  "note": "If mean_abs_loglik_diff is small and the correlation ~1, the LoRA left the energy essentially unchanged, so Langevin indistinguishability on the tuned energy is trivially expected; retitle the finding as 'light-touch amortization leaves the energy unchanged'. If the diff is large yet the landscape diagnostics are flat, the original claim stands.",
  "run_name": "rev_divergence_gfn-lb0-500",
  "model_path": "/mount/studenten-temp1/users/singhsk/thesis/thesis/gfn-lm-tuning/infill_subj_arithmetic/gpt2_large_sft_output",
  "model_tag": "gfn-lb0-500",
  "seed": 0,
  "wall_time_sec": 32.09997367858887
}
