This is pdfTeX, Version 3.141592653-2.6-1.40.29 (TeX Live 2026) (preloaded format=pdflatex 2026.7.4)  22 JUL 2026 18:05
entering extended mode
 restricted \write18 enabled.
 %&-line parsing enabled.
**thesis.tex
(./thesis.tex
LaTeX2e <2025-11-01>
L3 programming layer <2026-03-20>
(/usr/share/texlive/texmf-dist/tex/latex/base/article.cls
Document Class: article 2025/01/22 v1.4n Standard LaTeX document class
(/usr/share/texlive/texmf-dist/tex/latex/base/leqno.clo
File: leqno.clo 2016/12/29 v1.2b Standard LaTeX option (left equation numbers)
)
(/usr/share/texlive/texmf-dist/tex/latex/base/size12.clo
File: size12.clo 2025/01/22 v1.4n Standard LaTeX file (size option)
)
\c@part=\count275
\c@section=\count276
\c@subsection=\count277
\c@subsubsection=\count278
\c@paragraph=\count279
\c@subparagraph=\count280
\c@figure=\count281
\c@table=\count282
\abovecaptionskip=\skip49
\belowcaptionskip=\skip50
\bibindent=\dimen150
)
(/usr/share/texlive/texmf-dist/tex/latex/natbib/natbib.sty
Package: natbib 2010/09/13 8.31b (PWD, AO)
\bibhang=\skip51
\bibsep=\skip52
LaTeX Info: Redefining \cite on input line 694.
\c@NAT@ctr=\count283
)
(/usr/share/texlive/texmf-dist/tex/latex/graphics/epsfig.sty
Package: epsfig 2024/01/14 v1.7b (e)psfig emulation (SPQR)

(/usr/share/texlive/texmf-dist/tex/latex/graphics/graphicx.sty
Package: graphicx 2024/12/31 v1.2e Enhanced LaTeX Graphics (DPC,SPQR)

(/usr/share/texlive/texmf-dist/tex/latex/graphics/keyval.sty
Package: keyval 2022/05/29 v1.15 key=value parser (DPC)
\KV@toks@=\toks17
)
(/usr/share/texlive/texmf-dist/tex/latex/graphics/graphics.sty
Package: graphics 2024/08/06 v1.4g Standard LaTeX Graphics (DPC,SPQR)

(/usr/share/texlive/texmf-dist/tex/latex/graphics/trig.sty
Package: trig 2023/12/02 v1.11 sin cos tan (DPC)
)
(/usr/share/texlive/texmf-dist/tex/latex/graphics-cfg/graphics.cfg
File: graphics.cfg 2016/06/04 v1.11 sample graphics configuration
)
Package graphics Info: Driver file: pdftex.def on input line 106.

(/usr/share/texlive/texmf-dist/tex/latex/graphics-def/pdftex.def
File: pdftex.def 2025/09/29 v1.2d Graphics/color driver for pdftex
))
\Gin@req@height=\dimen151
\Gin@req@width=\dimen152
)
\epsfxsize=\dimen153
\epsfysize=\dimen154
)
(/usr/share/texlive/texmf-dist/tex/latex/booktabs/booktabs.sty
Package: booktabs 2020/01/12 v1.61803398 Publication quality tables
\heavyrulewidth=\dimen155
\lightrulewidth=\dimen156
\cmidrulewidth=\dimen157
\belowrulesep=\dimen158
\belowbottomsep=\dimen159
\aboverulesep=\dimen160
\abovetopsep=\dimen161
\cmidrulesep=\dimen162
\cmidrulekern=\dimen163
\defaultaddspace=\dimen164
\@cmidla=\count284
\@cmidlb=\count285
\@aboverulesep=\dimen165
\@belowrulesep=\dimen166
\@thisruleclass=\count286
\@lastruleclass=\count287
\@thisrulewidth=\dimen167
)
(/usr/share/texlive/texmf-dist/tex/latex/geometry/geometry.sty
Package: geometry 2026/03/07 v6.0 Page Geometry

(/usr/share/texlive/texmf-dist/tex/generic/iftex/ifvtex.sty
Package: ifvtex 2019/10/25 v1.7 ifvtex legacy package. Use iftex instead.

(/usr/share/texlive/texmf-dist/tex/generic/iftex/iftex.sty
Package: iftex 2024/12/12 v1.0g TeX engine tests
))
\Gm@cnth=\count288
\Gm@cntv=\count289
\c@Gm@tempcnt=\count290
\Gm@bindingoffset=\dimen168
\Gm@wd@mp=\dimen169
\Gm@odd@mp=\dimen170
\Gm@even@mp=\dimen171
\Gm@layoutwidth=\dimen172
\Gm@layoutheight=\dimen173
\Gm@layouthoffset=\dimen174
\Gm@layoutvoffset=\dimen175
\Gm@dimlist=\toks18
)
(/usr/share/texlive/texmf-dist/tex/latex/base/inputenc.sty
Package: inputenc 2024/02/08 v1.3d Input encoding file
\inpenc@prehook=\toks19
\inpenc@posthook=\toks20
)
(/usr/share/texlive/texmf-dist/tex/generic/babel/babel.sty
Package: babel 2026/04/15 v26.6 The multilingual framework for LuaLaTeX, pdfLaT
eX and XeLaTeX
\babel@savecnt=\count291
LaTeX Encoding Info:    Redeclaring text command \ij (encoding OT1) on input li
ne 2078.
LaTeX Encoding Info:    Redeclaring text command \IJ (encoding OT1) on input li
ne 2080.
LaTeX Encoding Info:    Redeclaring text command \ij (encoding T1) on input lin
e 2082.
LaTeX Encoding Info:    Redeclaring text command \IJ (encoding T1) on input lin
e 2083.
LaTeX Encoding Info:    Ignoring declaration for text command \ij (encoding ?) 
on input line 2084.
LaTeX Encoding Info:    Ignoring declaration for text command \IJ (encoding ?) 
on input line 2086.
LaTeX Encoding Info:    Ignoring declaration for text command \SS (encoding ?) 
on input line 2111.
\U@D=\dimen176
\l@unhyphenated=\language90

(/usr/share/texlive/texmf-dist/tex/generic/babel/txtbabel.def)
\bbl@readstream=\read2
\bbl@dirlevel=\count292

(/usr/share/texlive/texmf-dist/tex/generic/babel/locale/de/babel-german.tex)
(/usr/share/texlive/texmf-dist/tex/generic/babel/locale/en/babel-english.tex)
Package babel Info: Importing font and identification data for german
(babel)             from babel-de.ini. Reported on input line 4330.

(/usr/share/texlive/texmf-dist/tex/generic/babel-german/german.ldf
Language: german 

(/usr/share/texlive/texmf-dist/tex/generic/babel-german/babel-german.def
Package babel Info: Making " an active character on input line 500.
))
Package babel Info: Importing font and identification data for english
(babel)             from babel-en.ini. Reported on input line 4330.

(/usr/share/texlive/texmf-dist/tex/generic/babel-english/english.ldf
Language: english 2017/06/06 v3.3r English support from the babel system
Package babel Info: Hyphen rules for 'canadian' set to \l@english
(babel)             (\language0). Reported on input line 102.
Package babel Info: Hyphen rules for 'australian' set to \l@ukenglish
(babel)             (\language3). Reported on input line 105.
Package babel Info: Hyphen rules for 'newzealand' set to \l@ukenglish
(babel)             (\language3). Reported on input line 108.
))
(/usr/share/texlive/texmf-dist/tex/latex/base/fontenc.sty
Package: fontenc 2025/07/18 v2.1d Standard LaTeX package
)
(/usr/share/texlive/texmf-dist/tex/latex/amsmath/amsmath.sty
Package: amsmath 2025/07/09 v2.17z AMS math features
\@mathmargin=\skip53

For additional information on amsmath, use the `?' option.
(/usr/share/texlive/texmf-dist/tex/latex/amsmath/amstext.sty
Package: amstext 2024/11/17 v2.01 AMS text

(/usr/share/texlive/texmf-dist/tex/latex/amsmath/amsgen.sty
File: amsgen.sty 1999/11/30 v2.0 generic functions
\@emptytoks=\toks21
\ex@=\dimen177
))
(/usr/share/texlive/texmf-dist/tex/latex/amsmath/amsbsy.sty
Package: amsbsy 1999/11/29 v1.2d Bold Symbols
\pmbraise@=\dimen178
)
(/usr/share/texlive/texmf-dist/tex/latex/amsmath/amsopn.sty
Package: amsopn 2022/04/08 v2.04 operator names
)
\inf@bad=\count293
LaTeX Info: Redefining \frac on input line 233.
\uproot@=\count294
\leftroot@=\count295
LaTeX Info: Redefining \overline on input line 398.
LaTeX Info: Redefining \colon on input line 409.
\classnum@=\count296
\DOTSCASE@=\count297
LaTeX Info: Redefining \ldots on input line 495.
LaTeX Info: Redefining \dots on input line 498.
LaTeX Info: Redefining \cdots on input line 619.
\Mathstrutbox@=\box53
\strutbox@=\box54
LaTeX Info: Redefining \big on input line 721.
LaTeX Info: Redefining \Big on input line 722.
LaTeX Info: Redefining \bigg on input line 723.
LaTeX Info: Redefining \Bigg on input line 724.
\big@size=\dimen179
LaTeX Font Info:    Redeclaring font encoding OML on input line 742.
LaTeX Font Info:    Redeclaring font encoding OMS on input line 743.
\macc@depth=\count298
LaTeX Info: Redefining \bmod on input line 904.
LaTeX Info: Redefining \pmod on input line 909.
LaTeX Info: Redefining \smash on input line 939.
LaTeX Info: Redefining \relbar on input line 969.
LaTeX Info: Redefining \Relbar on input line 970.
\c@MaxMatrixCols=\count299
\dotsspace@=\muskip17
\c@parentequation=\count300
\dspbrk@lvl=\count301
\tag@help=\toks22
\row@=\count302
\column@=\count303
\maxfields@=\count304
\andhelp@=\toks23
\eqnshift@=\dimen180
\alignsep@=\dimen181
\tagshift@=\dimen182
\tagwidth@=\dimen183
\totwidth@=\dimen184
\lineht@=\dimen185
\@envbody=\toks24
\multlinegap=\skip54
\multlinetaggap=\skip55
\mathdisplay@stack=\toks25
LaTeX Info: Redefining \[ on input line 2950.
LaTeX Info: Redefining \] on input line 2951.
)
(/usr/share/texlive/texmf-dist/tex/latex/amsfonts/amssymb.sty
Package: amssymb 2013/01/14 v3.01 AMS font symbols

(/usr/share/texlive/texmf-dist/tex/latex/amsfonts/amsfonts.sty
Package: amsfonts 2013/01/14 v3.01 Basic AMSFonts support
\symAMSa=\mathgroup4
\symAMSb=\mathgroup5
LaTeX Font Info:    Redeclaring math symbol \hbar on input line 98.
LaTeX Font Info:    Overwriting math alphabet `\mathfrak' in version `bold'
(Font)                  U/euf/m/n --> U/euf/b/n on input line 106.
))
(/usr/share/texlive/texmf-dist/tex/latex/tools/bm.sty
Package: bm 2025/10/21 v1.2g Bold Symbol Support (DPC/FMi)
\symboldoperators=\mathgroup6
\symboldletters=\mathgroup7
\symboldsymbols=\mathgroup8
Package bm Info: No bold for \OMX/cmex/m/n, using \pmb.
Package bm Info: No bold for \U/msa/m/n, using \pmb.
Package bm Info: No bold for \U/msb/m/n, using \pmb.
LaTeX Font Info:    Redeclaring math alphabet \mathbf on input line 149.
)
(/usr/share/texlive/texmf-dist/tex/latex/tools/longtable.sty
Package: longtable 2026-01-28 v4.27 Multi-page Table package (DPC)
\LTleft=\skip56
\LTright=\skip57
\LTpre=\skip58
\LTpost=\skip59
\LTchunksize=\count305
\LTcapwidth=\dimen186
\LT@head=\box55
\LT@firsthead=\box56
\LT@foot=\box57
\LT@lastfoot=\box58
\LT@gbox=\box59
\LT@cols=\count306
\LT@rows=\count307
\c@LT@tables=\count308
\c@LT@chunks=\count309
\LT@p@ftn=\toks26
)
(/usr/share/texlive/texmf-dist/tex/latex/multirow/multirow.sty
Package: multirow 2024/11/12 v2.9 Span multiple rows of a table
\multirow@colwidth=\skip60
\multirow@cntb=\count310
\multirow@dima=\skip61
\bigstrutjot=\dimen187
)
(/usr/share/texlive/texmf-dist/tex/latex/url/url.sty
\Urlmuskip=\muskip18
Package: url 2013/09/16  ver 3.4  Verb mode for urls, etc.
)
(/usr/share/texlive/texmf-dist/tex/latex/xurl/xurl.sty
Package: xurl 2022/01/09 v 0.10 modify URL breaks
)
(/usr/share/texlive/texmf-dist/tex/latex/caption/caption.sty
Package: caption 2023/08/05 v3.6o Customizing captions (AR)

(/usr/share/texlive/texmf-dist/tex/latex/caption/caption3.sty
Package: caption3 2023/07/31 v2.4d caption3 kernel (AR)
\caption@tempdima=\dimen188
\captionmargin=\dimen189
\caption@leftmargin=\dimen190
\caption@rightmargin=\dimen191
\caption@width=\dimen192
\caption@indent=\dimen193
\caption@parindent=\dimen194
\caption@hangindent=\dimen195
Package caption Info: Standard document class detected.
)
\c@caption@flags=\count311
\c@continuedfloat=\count312
Package caption Info: longtable package is loaded.

(/usr/share/texlive/texmf-dist/tex/latex/caption/ltcaption.sty
Package: ltcaption 2021/01/08 v1.4c longtable captions (AR)
))
(/usr/share/texlive/texmf-dist/tex/latex/hyperref/hyperref.sty
Package: hyperref 2026-04-24 v7.01q Hypertext links for LaTeX

(/usr/share/texlive/texmf-dist/tex/latex/kvsetkeys/kvsetkeys.sty
Package: kvsetkeys 2022-10-05 v1.19 Key value parser (HO)
)
(/usr/share/texlive/texmf-dist/tex/generic/kvdefinekeys/kvdefinekeys.sty
Package: kvdefinekeys 2019-12-19 v1.6 Define keys (HO)
)
(/usr/share/texlive/texmf-dist/tex/generic/pdfescape/pdfescape.sty
Package: pdfescape 2019/12/09 v1.15 Implements pdfTeX's escape features (HO)

(/usr/share/texlive/texmf-dist/tex/generic/ltxcmds/ltxcmds.sty
Package: ltxcmds 2023-12-04 v1.26 LaTeX kernel commands for general use (HO)
)
(/usr/share/texlive/texmf-dist/tex/generic/pdftexcmds/pdftexcmds.sty
Package: pdftexcmds 2020-06-27 v0.33 Utility functions of pdfTeX for LuaTeX (HO
)

(/usr/share/texlive/texmf-dist/tex/generic/infwarerr/infwarerr.sty
Package: infwarerr 2019/12/03 v1.5 Providing info/warning/error messages (HO)
)
Package pdftexcmds Info: \pdf@primitive is available.
Package pdftexcmds Info: \pdf@ifprimitive is available.
Package pdftexcmds Info: \pdfdraftmode found.
))
(/usr/share/texlive/texmf-dist/tex/latex/hycolor/hycolor.sty
Package: hycolor 2020-01-27 v1.10 Color options for hyperref/bookmark (HO)
)
(/usr/share/texlive/texmf-dist/tex/latex/hyperref/nameref.sty
Package: nameref 2026-01-29 v2.58 Cross-referencing by name of section

(/usr/share/texlive/texmf-dist/tex/latex/refcount/refcount.sty
Package: refcount 2019/12/15 v3.6 Data extraction from label references (HO)
)
(/usr/share/texlive/texmf-dist/tex/generic/gettitlestring/gettitlestring.sty
Package: gettitlestring 2019/12/15 v1.6 Cleanup title references (HO)

(/usr/share/texlive/texmf-dist/tex/latex/kvoptions/kvoptions.sty
Package: kvoptions 2022-06-15 v3.15 Key value format for package options (HO)
))
\c@section@level=\count313
)
(/usr/share/texlive/texmf-dist/tex/latex/etoolbox/etoolbox.sty
Package: etoolbox 2025/10/02 v2.5m e-TeX tools for LaTeX (JAW)
\etb@tempcnta=\count314
)
(/usr/share/texlive/texmf-dist/tex/generic/stringenc/stringenc.sty
Package: stringenc 2019/11/29 v1.12 Convert strings between diff. encodings (HO
)
)
\@linkdim=\dimen196
\Hy@linkcounter=\count315
\Hy@pagecounter=\count316

(/usr/share/texlive/texmf-dist/tex/latex/hyperref/pd1enc.def
File: pd1enc.def 2026-04-24 v7.01q Hyperref: PDFDocEncoding definition (HO)
Now handling font encoding PD1 ...
... no UTF-8 mapping file for font encoding PD1
)
(/usr/share/texlive/texmf-dist/tex/generic/intcalc/intcalc.sty
Package: intcalc 2019/12/15 v1.3 Expandable calculations with integers (HO)
)
\Hy@SavedSpaceFactor=\count317

(/usr/share/texlive/texmf-dist/tex/latex/hyperref/puenc.def
File: puenc.def 2026-04-24 v7.01q Hyperref: PDF Unicode definition (HO)
Now handling font encoding PU ...
... no UTF-8 mapping file for font encoding PU
)
Package hyperref Info: Hyper figures OFF on input line 4199.
Package hyperref Info: Link nesting OFF on input line 4204.
Package hyperref Info: Hyper index ON on input line 4207.
Package hyperref Info: Plain pages OFF on input line 4214.
Package hyperref Info: Backreferencing OFF on input line 4219.
Package hyperref Info: Implicit mode ON; LaTeX internals redefined.
Package hyperref Info: Bookmarks ON on input line 4466.
\c@Hy@tempcnt=\count318
LaTeX Info: Redefining \url on input line 4805.
\XeTeXLinkMargin=\dimen197

(/usr/share/texlive/texmf-dist/tex/generic/bitset/bitset.sty
Package: bitset 2019/12/09 v1.3 Handle bit-vector datatype (HO)

(/usr/share/texlive/texmf-dist/tex/generic/bigintcalc/bigintcalc.sty
Package: bigintcalc 2019/12/15 v1.5 Expandable calculations on big integers (HO
)
))
\Fld@menulength=\count319
\Field@Width=\dimen198
\Fld@charsize=\dimen199
Package hyperref Info: Hyper figures OFF on input line 6091.
Package hyperref Info: Link nesting OFF on input line 6096.
Package hyperref Info: Hyper index ON on input line 6099.
Package hyperref Info: backreferencing OFF on input line 6106.
Package hyperref Info: Link coloring OFF on input line 6111.
Package hyperref Info: Link coloring with OCG OFF on input line 6116.
Package hyperref Info: PDF/A mode OFF on input line 6121.
\Hy@abspage=\count320
\c@Item=\count321
\c@Hfootnote=\count322
)
Package hyperref Info: Driver (autodetected): hpdftex.

(/usr/share/texlive/texmf-dist/tex/latex/hyperref/hpdftex.def
File: hpdftex.def 2026-04-24 v7.01q Hyperref driver for pdfTeX
\Fld@listcount=\count323
\c@bookmark@seq@number=\count324

(/usr/share/texlive/texmf-dist/tex/latex/rerunfilecheck/rerunfilecheck.sty
Package: rerunfilecheck 2025-06-21 v1.11 Rerun checks for auxiliary files (HO)

(/usr/share/texlive/texmf-dist/tex/generic/uniquecounter/uniquecounter.sty
Package: uniquecounter 2019/12/15 v1.4 Provide unlimited unique counter (HO)
)
Package uniquecounter Info: New unique counter `rerunfilecheck' on input line 2
84.
)
\Hy@SectionHShift=\skip62
)
Package babel-german Info: Using contemporary glottonyms
(babel-german)             `german' denotes post-1996 spelling. on input line 7
7.

(/usr/share/texlive/texmf-dist/tex/generic/babel/locale/de/babel-german.tex
Package babel Info: Importing basic data for german
(babel)             from babel-de.ini. Reported on input line 15.
)
Package babel Info: Hyphen rules for 'german' set to \l@ngerman-x-2024-02-28
(babel)             (\language86). Reported on input line 77.

(/usr/share/texlive/texmf-dist/tex/latex/l3backend/l3backend-pdftex.def
File: l3backend-pdftex.def 2026-02-18 L3 backend support: PDF output (pdfTeX)
\l__color_backend_stack_int=\count325
)
(./thesis.aux
Package babel Info: 'german' activates 'german' shorthands.
(babel)             Reported on input line 9.
)
\openout1 = `thesis.aux'.

LaTeX Font Info:    Checking defaults for OML/cmm/m/it on input line 77.
LaTeX Font Info:    ... okay on input line 77.
LaTeX Font Info:    Checking defaults for OMS/cmsy/m/n on input line 77.
LaTeX Font Info:    ... okay on input line 77.
LaTeX Font Info:    Checking defaults for OT1/cmr/m/n on input line 77.
LaTeX Font Info:    ... okay on input line 77.
LaTeX Font Info:    Checking defaults for T1/cmr/m/n on input line 77.
LaTeX Font Info:    ... okay on input line 77.
LaTeX Font Info:    Checking defaults for TS1/cmr/m/n on input line 77.
LaTeX Font Info:    ... okay on input line 77.
LaTeX Font Info:    Checking defaults for OMX/cmex/m/n on input line 77.
LaTeX Font Info:    ... okay on input line 77.
LaTeX Font Info:    Checking defaults for U/cmr/m/n on input line 77.
LaTeX Font Info:    ... okay on input line 77.
LaTeX Font Info:    Checking defaults for PD1/pdf/m/n on input line 77.
LaTeX Font Info:    ... okay on input line 77.
LaTeX Font Info:    Checking defaults for PU/pdf/m/n on input line 77.
LaTeX Font Info:    ... okay on input line 77.

(/usr/share/texlive/texmf-dist/tex/context/base/mkii/supp-pdf.mkii
[Loading MPS to PDF converter (version 2006.09.02).]
\scratchcounter=\count326
\scratchdimen=\dimen256
\scratchbox=\box60
\nofMPsegments=\count327
\nofMParguments=\count328
\everyMPshowfont=\toks27
\MPscratchCnt=\count329
\MPscratchDim=\dimen257
\MPnumerator=\count330
\makeMPintoPDFobject=\count331
\everyMPtoPDFconversion=\toks28
) (/usr/share/texlive/texmf-dist/tex/latex/epstopdf-pkg/epstopdf-base.sty
Package: epstopdf-base 2020-01-24 v2.11 Base part for package epstopdf
Package epstopdf-base Info: Redefining graphics rule for `.eps' on input line 4
85.

(/usr/share/texlive/texmf-dist/tex/latex/latexconfig/epstopdf-sys.cfg
File: epstopdf-sys.cfg 2010/07/13 v1.3 Configuration of (r)epstopdf for TeX Liv
e
))
*geometry* driver: auto-detecting
*geometry* detected driver: pdftex
*geometry* verbose mode - [ preamble ] result:
* driver: pdftex
* paper: a4paper
* layout: <same size as paper>
* layoutoffset:(h,v)=(0.0pt,0.0pt)
* modes: 
* h-part:(L,W,R)=(85.35826pt, 426.79135pt, 85.35826pt)
* v-part:(T,H,B)=(101.40665pt, 591.5302pt, 152.11pt)
* \paperwidth=597.50787pt
* \paperheight=845.04684pt
* \textwidth=426.79135pt
* \textheight=591.5302pt
* \oddsidemargin=13.08827pt
* \evensidemargin=13.08827pt
* \topmargin=-7.86334pt
* \headheight=12.0pt
* \headsep=25.0pt
* \topskip=12.0pt
* \footskip=30.0pt
* \marginparwidth=35.0pt
* \marginparsep=10.0pt
* \columnsep=10.0pt
* \skip\footins=10.8pt plus 4.0pt minus 2.0pt
* \hoffset=0.0pt
* \voffset=0.0pt
* \mag=1000
* \@twocolumnfalse
* \@twosidefalse
* \@mparswitchfalse
* \@reversemarginfalse
* (1in=72.27pt=25.4mm, 1cm=28.453pt)

Package caption Info: Begin \AtBeginDocument code.
Package caption Info: hyperref package is loaded.
Package caption Info: End \AtBeginDocument code.
Package hyperref Info: Link coloring OFF on input line 77.
(./thesis.out) (./thesis.out)
\@outlinefile=\write3
\openout3 = `thesis.out'.

*geometry* verbose mode - [ newgeometry ] result:
* driver: pdftex
* paper: a4paper
* layout: <same size as paper>
* layoutoffset:(h,v)=(0.0pt,0.0pt)
* modes: 
* h-part:(L,W,R)=(99.58464pt, 441.01773pt, 56.9055pt)
* v-part:(T,H,B)=(56.9055pt, 731.23584pt, 56.9055pt)
* \paperwidth=597.50787pt
* \paperheight=845.04684pt
* \textwidth=441.01773pt
* \textheight=731.23584pt
* \oddsidemargin=27.31465pt
* \evensidemargin=27.31465pt
* \topmargin=-52.36449pt
* \headheight=12.0pt
* \headsep=25.0pt
* \topskip=12.0pt
* \footskip=30.0pt
* \marginparwidth=35.0pt
* \marginparsep=10.0pt
* \columnsep=10.0pt
* \skip\footins=10.8pt plus 4.0pt minus 2.0pt
* \hoffset=0.0pt
* \voffset=0.0pt
* \mag=1000
* \@twocolumnfalse
* \@twosidefalse
* \@mparswitchfalse
* \@reversemarginfalse
* (1in=72.27pt=25.4mm, 1cm=28.453pt)

LaTeX Font Info:    Trying to load font information for U+msa on input line 99.


(/usr/share/texlive/texmf-dist/tex/latex/amsfonts/umsa.fd
File: umsa.fd 2013/01/14 v3.01 AMS symbols A
)
LaTeX Font Info:    Trying to load font information for U+msb on input line 99.


(/usr/share/texlive/texmf-dist/tex/latex/amsfonts/umsb.fd
File: umsb.fd 2013/01/14 v3.01 AMS symbols B
) [1


{/var/lib/texmf/fonts/map/pdftex/updmap/pdftex.map}{/usr/share/texlive/texmf-di
st/fonts/enc/dvips/cm-super/cm-super-t1.enc}]
*geometry* verbose mode - [ newgeometry ] result:
* driver: pdftex
* paper: a4paper
* layout: <same size as paper>
* layoutoffset:(h,v)=(0.0pt,0.0pt)
* modes: 
* h-part:(L,W,R)=(85.35826pt, 426.79135pt, 85.35826pt)
* v-part:(T,H,B)=(101.40665pt, 591.5302pt, 152.11pt)
* \paperwidth=597.50787pt
* \paperheight=845.04684pt
* \textwidth=426.79135pt
* \textheight=591.5302pt
* \oddsidemargin=13.08827pt
* \evensidemargin=13.08827pt
* \topmargin=-7.86334pt
* \headheight=12.0pt
* \headsep=25.0pt
* \topskip=12.0pt
* \footskip=30.0pt
* \marginparwidth=35.0pt
* \marginparsep=10.0pt
* \columnsep=10.0pt
* \skip\footins=10.8pt plus 4.0pt minus 2.0pt
* \hoffset=0.0pt
* \voffset=0.0pt
* \mag=1000
* \@twocolumnfalse
* \@twosidefalse
* \@mparswitchfalse
* \@reversemarginfalse
* (1in=72.27pt=25.4mm, 1cm=28.453pt)


Underfull \hbox (badness 10000) in paragraph at lines 126--127

 []


Underfull \hbox (badness 10000) in paragraph at lines 129--132

 []


pdfTeX warning (ext4): destination with the same identifier (name{page.1}) has 
been already used, duplicate ignored
<to be read again> 
                   \relax 
l.137 \newpage
               [1

] (./chapters/abstract.tex [2] [3]) (./thesis.toc [4

] [5]
[6])
\tf@toc=\write4
\openout4 = `thesis.toc'.

 [7] (./thesis.lof)
\tf@lof=\write5
\openout5 = `thesis.lof'.

 [8] (./thesis.lot)
\tf@lot=\write6
\openout6 = `thesis.lot'.

 [9] (./chapters/01_introduction.tex
[10] [11] [12] [13] [14]) (./chapters/02_background.tex [15] [16] [17] [18]
[19] [20] [21]
Underfull \hbox (badness 1642) in paragraph at lines 94--95
[]\T1/cmr/m/n/12 The \T1/cmr/bx/n/12 Con-tin-u-ous Langevin Sam-pler \T1/cmr/m/
n/12 (CLS), fol-low-ing the continuous-
 []

[22] [23] [24]) (./chapters/03_related_work.tex [25] [26] [27] [28] [29]
[30] [31]) (./chapters/04_methodology.tex [32] [33] [34] [35] [36] [37]
[38] [39] [40] [41] [42]) (./chapters/05_results.tex [43] [44]
<../figures/gpt2-large.dls.gn.free.s50_new_trajectories.png, id=920, 472.6458pt
 x 478.4274pt>
File: ../figures/gpt2-large.dls.gn.free.s50_new_trajectories.png Graphic file (
type png)
<use ../figures/gpt2-large.dls.gn.free.s50_new_trajectories.png>
Package pdftex.def Info: ../figures/gpt2-large.dls.gn.free.s50_new_trajectories
.png  used on input line 33.
(pdftex.def)             Requested size: 426.79135pt x 432.02611pt.
<../figures/gpt2-large.dls.gn.free.s100_new_trajectories.png, id=922, 472.6458p
t x 478.4274pt>
File: ../figures/gpt2-large.dls.gn.free.s100_new_trajectories.png Graphic file 
(type png)
<use ../figures/gpt2-large.dls.gn.free.s100_new_trajectories.png>
Package pdftex.def Info: ../figures/gpt2-large.dls.gn.free.s100_new_trajectorie
s.png  used on input line 41.
(pdftex.def)             Requested size: 426.79135pt x 432.02611pt.

Underfull \hbox (badness 2393) in paragraph at lines 60--60
[]\T1/cmr/bx/n/14.4 The Metropolis--Hastings Break-down in Con-tin-u-ous
 []

[45] [46 <../figures/gpt2-large.dls.gn.free.s50_new_trajectories.png>] [47 <../
figures/gpt2-large.dls.gn.free.s100_new_trajectories.png>]
<../figures/fig_mh_decomposition.pdf, id=942, 678.07393pt x 306.8825pt>
File: ../figures/fig_mh_decomposition.pdf Graphic file (type pdf)
<use ../figures/fig_mh_decomposition.pdf>
Package pdftex.def Info: ../figures/fig_mh_decomposition.pdf  used on input lin
e 76.
(pdftex.def)             Requested size: 426.79135pt x 193.15904pt.
 [48] [49 <../figures/fig_mh_decomposition.pdf>] [50] [51] [52] [53] [54] [55]
<../figures/fig_lin_scatter.pdf, id=1081, 391.00449pt x 320.74731pt>
File: ../figures/fig_lin_scatter.pdf Graphic file (type pdf)
<use ../figures/fig_lin_scatter.pdf>
Package pdftex.def Info: ../figures/fig_lin_scatter.pdf  used on input line 228
.
(pdftex.def)             Requested size: 349.97203pt x 287.08908pt.
 [56 <../figures/fig_lin_scatter.pdf>]
<../figures/fig_lin_radius.pdf, id=1181, 437.94113pt x 317.97133pt>
File: ../figures/fig_lin_radius.pdf Graphic file (type pdf)
<use ../figures/fig_lin_radius.pdf>
Package pdftex.def Info: ../figures/fig_lin_radius.pdf  used on input line 242.

(pdftex.def)             Requested size: 349.97203pt x 254.10085pt.
 [57 <../figures/fig_lin_radius.pdf>] [58] [59] [60] [61]
[62] [63] [64]
Overfull \hbox (2.41278pt too wide) in paragraph at lines 430--439
 [][] 
 []

[65] [66]
Underfull \hbox (badness 1024) in paragraph at lines 490--497
[]\T1/cmr/m/n/12 The self-and-future de-com-po-si-tion of Sec-tion []5.6[] show
ed that the input-
 []

[67] [68]
Overfull \hbox (5.85521pt too wide) in paragraph at lines 514--532
 [][] 
 []

<../figures/fig_lasttoken.png, id=1374, 505.89pt x 331.35796pt>
File: ../figures/fig_lasttoken.png Graphic file (type png)
<use ../figures/fig_lasttoken.png>
Package pdftex.def Info: ../figures/fig_lasttoken.png  used on input line 540.
(pdftex.def)             Requested size: 362.77525pt x 237.62193pt.

LaTeX Warning: `h' float specifier changed to `ht'.

(./chapters/05a_diffusion_control.tex [69] [70 <../figures/fig_lasttoken.png>]
[71]

LaTeX Warning: `h' float specifier changed to `ht'.

[72] [73] [74] [75])) (./chapters/06_discussion.tex [76] [77] [78] [79]
[80] [81] [82] [83]) (./chapters/07_conclusion.tex [84] [85]) (./thesis.bbl
[86] [87] [88]
Underfull \hbox (badness 1184) in paragraph at lines 183--188
[]\T1/cmr/m/n/12 Kanika Madan, Jar-rid Rector-Brooks, Maksym Ko-rablyov, et al.
  Learn-ing
 []

[89] [90] [91]) (./chapters/08_appendix.tex
<../figures/fig_lin_decomposition.pdf, id=1633, 693.99277pt x 329.67165pt>
File: ../figures/fig_lin_decomposition.pdf Graphic file (type pdf)
<use ../figures/fig_lin_decomposition.pdf>
Package pdftex.def Info: ../figures/fig_lin_decomposition.pdf  used on input li
ne 13.
(pdftex.def)             Requested size: 341.43437pt x 162.19446pt.


LaTeX Warning: `h' float specifier changed to `ht'.

<../figures/fig_lin_topk.pdf, id=1636, 385.24928pt x 273.09225pt>
File: ../figures/fig_lin_topk.pdf Graphic file (type pdf)
<use ../figures/fig_lin_topk.pdf>
Package pdftex.def Info: ../figures/fig_lin_topk.pdf  used on input line 22.
(pdftex.def)             Requested size: 341.43437pt x 242.05124pt.

LaTeX Warning: `h' float specifier changed to `ht'.

<../figures/fig_mh_accept.pdf, id=1639, 416.09515pt x 283.34749pt>
File: ../figures/fig_mh_accept.pdf Graphic file (type pdf)
<use ../figures/fig_mh_accept.pdf>
Package pdftex.def Info: ../figures/fig_mh_accept.pdf  used on input line 31.
(pdftex.def)             Requested size: 298.75264pt x 203.43932pt.

LaTeX Warning: `h' float specifier changed to `ht'.

<../figures/fig_trap_scatter.pdf, id=1642, 589.17178pt x 322.78995pt>
File: ../figures/fig_trap_scatter.pdf Graphic file (type pdf)
<use ../figures/fig_trap_scatter.pdf>
Package pdftex.def Info: ../figures/fig_trap_scatter.pdf  used on input line 41
.
(pdftex.def)             Requested size: 392.64725pt x 215.12053pt.

LaTeX Warning: `h' float specifier changed to `ht'.

<../figures/fig_aniso_hist.pdf, id=1645, 605.13768pt x 305.87875pt>
File: ../figures/fig_aniso_hist.pdf Graphic file (type pdf)
<use ../figures/fig_aniso_hist.pdf>
Package pdftex.def Info: ../figures/fig_aniso_hist.pdf  used on input line 51.
(pdftex.def)             Requested size: 392.64725pt x 198.47343pt.

LaTeX Warning: `h' float specifier changed to `ht'.

<../figures/fig_trap_length.pdf, id=1648, 400.14809pt x 294.47313pt>
File: ../figures/fig_trap_length.pdf Graphic file (type pdf)
<use ../figures/fig_trap_length.pdf>
Package pdftex.def Info: ../figures/fig_trap_length.pdf  used on input line 60.

(pdftex.def)             Requested size: 341.43437pt x 251.27838pt.

LaTeX Warning: `h' float specifier changed to `ht'.

[92] [93 <../figures/fig_lin_decomposition.pdf> <../figures/fig_lin_topk.pdf>]
[94 <../figures/fig_mh_accept.pdf> <../figures/fig_trap_scatter.pdf>] [95 <../f
igures/fig_aniso_hist.pdf> <../figures/fig_trap_length.pdf>]
Underfull \hbox (badness 10000) in paragraph at lines 98--98
[]\T1/cmr/bx/n/10.95 Table 12: |\T1/cmr/m/n/10.95 Rep-re-sen-ta-tive sub-set of
 the final-KL con-fig-u-ra-tion grid, from
 []


Underfull \hbox (badness 2503) in paragraph at lines 98--98
\T1/cmtt/m/n/10.95 final_kl_by_model.csv\T1/cmr/m/n/10.95 . Rows are con-fig-u-
ra-tions, columns are the four GPT-2-
 []


LaTeX Warning: `h' float specifier changed to `ht'.

[96

] [97]
Underfull \hbox (badness 1005) in paragraph at lines 124--125
[]\T1/cmr/m/n/10.95 extra gra-di-ent at the
 []

[98

]
<../figures/fig_traj_distance.png, id=2088, 598.03426pt x 750.1626pt>
File: ../figures/fig_traj_distance.png Graphic file (type png)
<use ../figures/fig_traj_distance.png>
Package pdftex.def Info: ../figures/fig_traj_distance.png  used on input line 1
56.
(pdftex.def)             Requested size: 392.64725pt x 492.52193pt.


LaTeX Warning: `h' float specifier changed to `ht'.

[99

]
<../figures/fig_traj_pca.png, id=2095, 673.19505pt x 586.47105pt>
File: ../figures/fig_traj_pca.png Graphic file (type png)
<use ../figures/fig_traj_pca.png>
Package pdftex.def Info: ../figures/fig_traj_pca.png  used on input line 175.
(pdftex.def)             Requested size: 375.57846pt x 327.19556pt.


LaTeX Warning: `h' float specifier changed to `ht'.

[100] [101 <../figures/fig_traj_distance.png>] [102 <../figures/fig_traj_pca.pn
g>]

LaTeX Warning: `h' float specifier changed to `ht'.

[103

] [104] (./chapters/tab_confusion.tex) [105] [106]
(./chapters/gprime_examples.tex [107

] [108] [109]) [110]
(./chapters/showcase_appendix.tex
Overfull \hbox (7.48798pt too wide) in alignment at lines 11--14
 [] [] [] 
 []


Overfull \hbox (7.48798pt too wide) in alignment at lines 14--14
 [] [] [] 
 []


Overfull \hbox (7.48798pt too wide) in alignment at lines 14--14
 [] [] [] 
 []


Underfull \hbox (badness 2318) in paragraph at lines 21--21
[]|\T1/cmr/m/n/10 CLS flag-ship (pol-icy, MH,
 []


Underfull \hbox (badness 10000) in paragraph at lines 25--25
[]|\T1/cmr/m/n/10 Left-conditional (in-de-pen-
 []


Underfull \hbox (badness 10000) in paragraph at lines 28--28
[]|\T1/cmr/m/n/10 Hybrid (SEDD pro-posal,
 []


Underfull \hbox (badness 2318) in paragraph at lines 36--36
[]|\T1/cmr/m/n/10 CLS flag-ship (pol-icy, MH,
 []


Underfull \hbox (badness 10000) in paragraph at lines 40--40
[]|\T1/cmr/m/n/10 Left-conditional (in-de-pen-
 []


Underfull \hbox (badness 10000) in paragraph at lines 43--43
[]|\T1/cmr/m/n/10 Hybrid (SEDD pro-posal,
 []


Underfull \hbox (badness 2318) in paragraph at lines 51--51
[]|\T1/cmr/m/n/10 CLS flag-ship (pol-icy, MH,
 []


Underfull \hbox (badness 10000) in paragraph at lines 55--55
[]|\T1/cmr/m/n/10 Left-conditional (in-de-pen-
 []


Underfull \hbox (badness 10000) in paragraph at lines 58--58
[]|\T1/cmr/m/n/10 Hybrid (SEDD pro-posal,
 []


Underfull \hbox (badness 2318) in paragraph at lines 66--66
[]|\T1/cmr/m/n/10 CLS flag-ship (pol-icy, MH,
 []


Underfull \hbox (badness 10000) in paragraph at lines 70--70
[]|\T1/cmr/m/n/10 Left-conditional (in-de-pen-
 []


Underfull \hbox (badness 10000) in paragraph at lines 73--73
[]|\T1/cmr/m/n/10 Hybrid (SEDD pro-posal,
 []


Overfull \hbox (7.48798pt too wide) in alignment at lines 14--179
 [] [] [] 
 []

[111

] [112] [113] [114]) [115]) [116

] (./thesis.aux)
 ***********
LaTeX2e <2025-11-01>
L3 programming layer <2026-03-20>
 ***********
Package rerunfilecheck Info: File `thesis.out' has not changed.
(rerunfilecheck)             Checksum: 1D225DDC3E64132A92B42A0A355A4987;15491.
 ) 
Here is how much of TeX's memory you used:
 14835 strings out of 467356
 240332 string characters out of 5418692
 706014 words of memory out of 6000000
 43374 multiletter control sequences out of 15000+600000
 660105 words of font info for 125 fonts, out of 8000000 for 9000
 1141 hyphenation exceptions out of 8191
 75i,11n,79p,2351b,719s stack positions out of 10000i,1000n,20000p,200000b,200000s
</usr/share/texlive/texmf-dist/fonts/type1/public/amsfonts/cm/cmbx12.pfb></us
r/share/texlive/texmf-dist/fonts/type1/public/amsfonts/cm/cmex10.pfb></usr/shar
e/texlive/texmf-dist/fonts/type1/public/amsfonts/cm/cmmi10.pfb></usr/share/texl
ive/texmf-dist/fonts/type1/public/amsfonts/cm/cmmi12.pfb></usr/share/texlive/te
xmf-dist/fonts/type1/public/amsfonts/cm/cmmi6.pfb></usr/share/texlive/texmf-dis
t/fonts/type1/public/amsfonts/cm/cmmi8.pfb></usr/share/texlive/texmf-dist/fonts
/type1/public/amsfonts/cm/cmmib10.pfb></usr/share/texlive/texmf-dist/fonts/type
1/public/amsfonts/cmextra/cmmib8.pfb></usr/share/texlive/texmf-dist/fonts/type1
/public/amsfonts/cm/cmr10.pfb></usr/share/texlive/texmf-dist/fonts/type1/public
/amsfonts/cm/cmr12.pfb></usr/share/texlive/texmf-dist/fonts/type1/public/amsfon
ts/cm/cmr8.pfb></usr/share/texlive/texmf-dist/fonts/type1/public/amsfonts/cm/cm
sy10.pfb></usr/share/texlive/texmf-dist/fonts/type1/public/amsfonts/cm/cmsy6.pf
b></usr/share/texlive/texmf-dist/fonts/type1/public/amsfonts/cm/cmsy8.pfb></usr
/share/texlive/texmf-dist/fonts/type1/public/amsfonts/symbols/msam10.pfb></usr/
share/texlive/texmf-dist/fonts/type1/public/amsfonts/symbols/msbm10.pfb></usr/s
hare/texlive/texmf-dist/fonts/type1/public/cm-super/sfbi1000.pfb></usr/share/te
xlive/texmf-dist/fonts/type1/public/cm-super/sfbx1000.pfb></usr/share/texlive/t
exmf-dist/fonts/type1/public/cm-super/sfbx1095.pfb></usr/share/texlive/texmf-di
st/fonts/type1/public/cm-super/sfbx1200.pfb></usr/share/texlive/texmf-dist/font
s/type1/public/cm-super/sfbx1440.pfb></usr/share/texlive/texmf-dist/fonts/type1
/public/cm-super/sfbx1728.pfb></usr/share/texlive/texmf-dist/fonts/type1/public
/cm-super/sfbx2074.pfb></usr/share/texlive/texmf-dist/fonts/type1/public/cm-sup
er/sfrm0700.pfb></usr/share/texlive/texmf-dist/fonts/type1/public/cm-super/sfrm
0800.pfb></usr/share/texlive/texmf-dist/fonts/type1/public/cm-super/sfrm1000.pf
b></usr/share/texlive/texmf-dist/fonts/type1/public/cm-super/sfrm1095.pfb></usr
/share/texlive/texmf-dist/fonts/type1/public/cm-super/sfrm1200.pfb></usr/share/
texlive/texmf-dist/fonts/type1/public/cm-super/sfrm1440.pfb></usr/share/texlive
/texmf-dist/fonts/type1/public/cm-super/sfti1000.pfb></usr/share/texlive/texmf-
dist/fonts/type1/public/cm-super/sfti1095.pfb></usr/share/texlive/texmf-dist/fo
nts/type1/public/cm-super/sfti1200.pfb></usr/share/texlive/texmf-dist/fonts/typ
e1/public/cm-super/sftt1095.pfb></usr/share/texlive/texmf-dist/fonts/type1/publ
ic/cm-super/sftt1200.pfb>
Output written on thesis.pdf (117 pages, 3007192 bytes).
PDF statistics:
 2398 PDF objects out of 2487 (max. 8388607)
 1684 compressed objects within 17 object streams
 282 named destinations out of 1000 (max. 500000)
 631 words of extra memory for PDF output out of 10000 (max. 10000000)

