[likelihood_trap] model loaded in 8.4s
[likelihood_trap] 20/500
[likelihood_trap] 40/500
[likelihood_trap] 60/500
[likelihood_trap] 80/500
[likelihood_trap] 100/500
[likelihood_trap] 120/500
[likelihood_trap] 140/500
[likelihood_trap] 160/500
[likelihood_trap] 180/500
[likelihood_trap] 200/500
[likelihood_trap] 220/500
[likelihood_trap] 240/500
[likelihood_trap] 260/500
[likelihood_trap] 280/500
[likelihood_trap] 300/500
[likelihood_trap] 320/500
[likelihood_trap] 340/500
[likelihood_trap] 360/500
[likelihood_trap] 380/500
[likelihood_trap] 400/500
[likelihood_trap] 420/500
[likelihood_trap] 440/500
[likelihood_trap] 460/500
[likelihood_trap] 480/500
[likelihood_trap] 500/500
[done] results_diag/diag_likelihood_trap_gfn-lb1-500.json  (55.1 min)
{
  "experiment": "likelihood_trap",
  "n_sequences": 500,
  "by_strategy": {
    "greedy": {
      "n": 500,
      "mean_gen_len": 39.906,
      "std_gen_len": 1.2083394259630336,
      "mean_scored_len": 39.87,
      "frac_emitted_eos": 0.036,
      "frac_hit_cap": 0.964,
      "mean_total_logp": -87.19926605272293,
      "mean_per_token_logp": -2.1925240778954613,
      "mean_rep4": 0.46138028479607424,
      "mean_distinct2": 0.3776988620019473
    },
    "beam5": {
      "n": 500,
      "mean_gen_len": 39.936,
      "std_gen_len": 1.0128948177494281,
      "mean_scored_len": 39.92,
      "frac_emitted_eos": 0.016,
      "frac_hit_cap": 0.984,
      "mean_total_logp": -50.53818940591812,
      "mean_per_token_logp": -1.2715418048634397,
      "mean_rep4": 0.6261245568877147,
      "mean_distinct2": 0.29389693296787117
    },
    "beam20": {
      "n": 500,
      "mean_gen_len": 39.966,
      "std_gen_len": 0.7602631123499284,
      "mean_scored_len": 39.96,
      "frac_emitted_eos": 0.006,
      "frac_hit_cap": 0.994,
      "mean_total_logp": -33.078169621944426,
      "mean_per_token_logp": -0.8309576421684041,
      "mean_rep4": 0.6736522838628103,
      "mean_distinct2": 0.27288837478311156
    },
    "ancestral": {
      "n": 500,
      "mean_gen_len": 36.568,
      "std_gen_len": 3.0971860005889997,
      "mean_scored_len": 35.724,
      "frac_emitted_eos": 0.844,
      "frac_hit_cap": 0.156,
      "mean_total_logp": -203.63923362731933,
      "mean_per_token_logp": -5.721039004277038,
      "mean_rep4": 0.0045960960960960955,
      "mean_distinct2": 0.9924309220936505
    },
    "topp90": {
      "n": 500,
      "mean_gen_len": 38.208,
      "std_gen_len": 2.2704726583212516,
      "mean_scored_len": 37.52,
      "frac_emitted_eos": 0.688,
      "frac_hit_cap": 0.312,
      "mean_total_logp": -157.85642725992201,
      "mean_per_token_logp": -4.220712507693297,
      "mean_rep4": 0.015405405405405406,
      "mean_distinct2": 0.9777334217448382
    },
    "
