[linearization] model loaded in 35.0s
/mount/studenten-temp1/users/singhsk/thesis/thesis/gfn-lm-tuning/gfn/lib64/python3.11/site-packages/datasets/load.py:1491: FutureWarning: The repository for wza/roc_stories contains custom code which must be executed to correctly load the dataset. You can inspect the repository content at https://hf.co/datasets/wza/roc_stories
You can avoid this message in future by passing the argument `trust_remote_code=True`.
Passing `trust_remote_code=True` will be mandatory to load this dataset from the next major release of `datasets`.
  warnings.warn(
[linearization] 10/200 seqs, 20000 rows, elapsed 2.1m, eta 40.2m
[linearization] 20/200 seqs, 40000 rows, elapsed 4.3m, eta 38.8m
[linearization] 30/200 seqs, 60000 rows, elapsed 6.4m, eta 36.2m
[linearization] 40/200 seqs, 80000 rows, elapsed 8.6m, eta 34.2m
[linearization] 50/200 seqs, 100000 rows, elapsed 10.8m, eta 32.3m
[linearization] 60/200 seqs, 120000 rows, elapsed 12.9m, eta 30.1m
[linearization] 70/200 seqs, 140000 rows, elapsed 15.0m, eta 27.9m
[linearization] 80/200 seqs, 160000 rows, elapsed 17.3m, eta 25.9m
[linearization] 90/200 seqs, 180000 rows, elapsed 19.4m, eta 23.8m
[linearization] 100/200 seqs, 200000 rows, elapsed 21.6m, eta 21.6m
[linearization] 110/200 seqs, 220000 rows, elapsed 23.6m, eta 19.3m
[linearization] 120/200 seqs, 240000 rows, elapsed 25.8m, eta 17.2m
[linearization] 130/200 seqs, 260000 rows, elapsed 27.8m, eta 15.0m
[linearization] 140/200 seqs, 280000 rows, elapsed 29.9m, eta 12.8m
[linearization] 150/200 seqs, 300000 rows, elapsed 31.9m, eta 10.6m
[linearization] 160/200 seqs, 320000 rows, elapsed 34.0m, eta 8.5m
[linearization] 170/200 seqs, 340000 rows, elapsed 36.1m, eta 6.4m
[linearization] 180/200 seqs, 360000 rows, elapsed 38.1m, eta 4.2m
[linearization] 190/200 seqs, 380000 rows, elapsed 40.3m, eta 2.1m
[linearization] 200/200 seqs, 400000 rows, elapsed 41.9m, eta 0.0m
[done] results_diag/diag_linearization_gfn-lb0-2000.json  (42.6 min)
{
  "experiment": "linearization",
  "n_sequences": 200,
  "n_pairs": 400000,
  "spearman_surrogate_vs_true_ALL": 0.023697937664380123,
  "pearson_surrogate_vs_true_ALL": 0.0458281854288376,
  "spearman_surrogate_vs_true_SELF": 0.005323520079662645,
  "spearman_surrogate_vs_true_FUTURE": 0.023489338087049862,
  "mean_abs_true_delta_self": 16.92578473656075,
  "mean_abs_true_delta_future": 27.418780751657486,
  "mean_inter_token_distance": 2.3541153835839035,
  "spearman_near": 0.09071631650516915,
  "mean_dist_near": 1.937559062409997,
  "spearman_mid": 0.015525546408185887,
  "mean_dist_mid": 2.4063530518889427,
  "spearman_random": 0.010944333556054434,
  "mean_dist_random": 2.5362747100183367,
  "run_name": "diag_linearization_gfn-lb0-2000",
  "model_path": "/mount/studenten-temp1/users/singhsk/thesis/thesis/gfn-lm-tuning/infill_subj_arithmetic/gpt2_large_sft_output",
  "adapter_path": "/mount/studenten-temp1/users/singhsk/thesis/thesis/gfn-lm-tuning/infill_subj_arithmetic/outputs/2026-06-22/13-24-52/daily-resonance-15_1990.pt",
  "seed": 0,
  "wall_time_sec": 2554.6420352458954
}
